<?xml version="1.0" encoding="UTF-8"?>
<!-- Generated by org.testng.reporters.JUnitReportReporter -->
<testsuite name="com.apiclasses.Mapclass" tests="1" time="0.013" ignored="0" failures="0" timestamp="20 Jan 2019 13:44:13 GMT" skipped="0" hostname="LP-5CD7465GP0" errors="0">
  <testcase name="map" time="0.013" classname="com.apiclasses.Mapclass"/>
</testsuite> <!-- com.apiclasses.Mapclass -->
