<?xml version="1.0" encoding="UTF-8"?>
<!-- Generated by org.testng.reporters.JUnitReportReporter -->
<testsuite skipped="0" hostname="LP-5CD7465GP0" name="testRunner.GetDataRunner" tests="1" failures="0" timestamp="02 Dec 2019 15:52:35 GMT" time="7.899" errors="0">
  <testcase name="feature" time="7.899" classname="testRunner.GetDataRunner"/>
</testsuite> <!-- testRunner.GetDataRunner -->
