<?xml version="1.0" encoding="UTF-8"?>
<!-- Generated by org.testng.reporters.JUnitReportReporter -->
<testsuite skipped="0" hostname="LP-5CD7465GP0" name="testRunner.PostRequestRunner" tests="1" failures="0" timestamp="03 Dec 2019 10:19:56 GMT" time="0.461" errors="0">
  <testcase name="feature" time="0.461" classname="testRunner.PostRequestRunner"/>
</testsuite> <!-- testRunner.PostRequestRunner -->
