<?xml version="1.0" encoding="UTF-8"?>
<!-- Generated by org.testng.reporters.JUnitReportReporter -->
<testsuite name="com.apiclasses.GetData" tests="1" time="1.842" ignored="0" failures="0" timestamp="20 Jan 2019 14:30:30 GMT" skipped="0" hostname="LP-5CD7465GP0" errors="0">
  <testcase name="responsecode" time="1.842" classname="com.apiclasses.GetData"/>
</testsuite> <!-- com.apiclasses.GetData -->
