<?xml version="1.0" encoding="UTF-8"?>
<!-- Generated by org.testng.reporters.JUnitReportReporter -->
<testsuite name="getRequest.GetData" tests="1" time="3.915" ignored="0" failures="0" timestamp="14 Feb 2019 13:57:40 GMT" skipped="0" hostname="LP-5CD7465GP0" errors="0">
  <testcase name="testbody" time="3.915" classname="getRequest.GetData"/>
</testsuite> <!-- getRequest.GetData -->
