<?xml version="1.0" encoding="UTF-8"?>
<!-- Generated by org.testng.reporters.JUnitReportReporter -->
<testsuite skipped="0" hostname="LP-5CD7465GP0" name="com.APITesting.testRunner.GetDataRunner" tests="1" failures="0" timestamp="03 Dec 2019 11:33:59 GMT" time="13.408" errors="0">
  <testcase name="feature" time="13.408" classname="com.APITesting.testRunner.GetDataRunner"/>
</testsuite> <!-- com.APITesting.testRunner.GetDataRunner -->
