<?xml version="1.0" encoding="UTF-8"?>
<!-- Generated by org.testng.reporters.JUnitReportReporter -->
<testsuite skipped="0" hostname="LP-5CD7465GP0" name="com.apiclasses.GetData" tests="1" failures="0" timestamp="02 Dec 2019 15:31:33 GMT" time="3.856" errors="0">
  <testcase name="responsecode" time="3.856" classname="com.apiclasses.GetData"/>
</testsuite> <!-- com.apiclasses.GetData -->
