<?xml version="1.0" encoding="UTF-8"?>
<!-- Generated by org.testng.reporters.JUnitReportReporter -->
<testsuite skipped="0" hostname="LP-5CD7465GP0" name="com.APITesting.testRunner.GetRequestRunner" tests="1" failures="0" timestamp="03 Dec 2019 12:06:48 GMT" time="10.908" errors="0">
  <testcase name="feature" time="10.908" classname="com.APITesting.testRunner.GetRequestRunner"/>
</testsuite> <!-- com.APITesting.testRunner.GetRequestRunner -->
