<?xml version="1.0" encoding="UTF-8"?>
<!-- Generated by org.testng.reporters.JUnitReportReporter -->
<testsuite name="getRequest.GetData2" tests="2" time="7.194" ignored="0" failures="0" timestamp="07 Jan 2019 05:50:27 GMT" skipped="0" hostname="LP-5CD7465GP0" errors="0">
  <testcase name="testResponceCode" time="3.770" classname="getRequest.GetData2"/>
  <testcase name="testbody" time="3.424" classname="getRequest.GetData2"/>
</testsuite> <!-- getRequest.GetData2 -->
